TN:
SF:/mnt/c/users/jcwoo/source/repos/negative/contracts/INegativeNFT.sol
FNF:0
FNH:0
LF:0
LH:0
BRF:0
BRH:0
end_of_record
TN:
SF:/mnt/c/users/jcwoo/source/repos/negative/contracts/INegativeVault.sol
FNF:0
FNH:0
LF:0
LH:0
BRF:0
BRH:0
end_of_record
TN:
SF:/mnt/c/users/jcwoo/source/repos/negative/contracts/negativeNFT.sol
FN:23,onlyVault
FN:30,constructor
FN:34,setVault
FN:38,setURI
FN:42,supportsInterface
FN:51,mint
FN:61,mintBatch
FN:65,burn
FN:74,burnBatch
FN:86,lock
FN:107,unlock
FN:124,_beforeTokenTransfer
FN:144,_mintBatch
FN:171,_burnBatch
FN:200,sweep
FNF:15
FNH:13
FNDA:14,onlyVault
FNDA:6,constructor
FNDA:3,setVault
FNDA:1,setURI
FNDA:0,supportsInterface
FNDA:12,mint
FNDA:2,mintBatch
FNDA:1,burn
FNDA:1,burnBatch
FNDA:8,lock
FNDA:4,unlock
FNDA:16,_beforeTokenTransfer
FNDA:2,_mintBatch
FNDA:1,_burnBatch
FNDA:0,sweep
DA:24,14
DA:25,2
DA:27,12
DA:31,6
DA:35,3
DA:39,1
DA:43,0
DA:52,12
DA:53,12
DA:62,2
DA:70,1
DA:71,1
DA:79,1
DA:87,8
DA:89,8
DA:90,8
DA:91,8
DA:92,8
DA:94,8
DA:96,8
DA:97,8
DA:100,8
DA:108,4
DA:110,4
DA:111,4
DA:112,4
DA:113,4
DA:115,4
DA:117,3
DA:118,3
DA:121,3
DA:135,16
DA:136,2
DA:137,3
DA:139,3
DA:150,2
DA:151,2
DA:153,2
DA:155,2
DA:157,2
DA:158,4
DA:160,4
DA:161,4
DA:164,2
DA:166,2
DA:168,2
DA:176,1
DA:177,1
DA:179,1
DA:181,1
DA:183,1
DA:184,2
DA:185,2
DA:187,2
DA:188,2
DA:189,2
DA:190,2
DA:191,2
DA:195,1
DA:197,1
DA:201,0
LF:61
LH:59
BRDA:24,1,0,2
BRDA:24,1,1,12
BRDA:34,2,0,3
BRDA:34,2,1,0
BRDA:38,3,0,1
BRDA:38,3,1,0
BRDA:43,4,0,0
BRDA:43,4,1,0
BRDA:51,5,0,12
BRDA:51,5,1,0
BRDA:61,6,0,2
BRDA:61,6,1,0
BRDA:86,7,0,8
BRDA:86,7,1,1
BRDA:94,8,0,0
BRDA:94,8,1,8
BRDA:107,9,0,4
BRDA:107,9,1,1
BRDA:115,10,0,1
BRDA:115,10,1,3
BRDA:135,11,0,2
BRDA:135,11,1,14
BRDA:139,12,0,0
BRDA:139,12,1,3
BRDA:150,13,0,2
BRDA:150,13,1,0
BRDA:151,14,0,2
BRDA:151,14,1,0
BRDA:176,15,0,1
BRDA:176,15,1,0
BRDA:177,16,0,1
BRDA:177,16,1,0
BRDA:188,17,0,2
BRDA:188,17,1,0
BRDA:200,18,0,0
BRDA:200,18,1,0
BRDA:201,19,0,0
BRDA:201,19,1,0
BRF:38
BRH:21
end_of_record
TN:
SF:/mnt/c/users/jcwoo/source/repos/negative/contracts/negativeVault.sol
FN:32,constructor
FN:40,decimals
FN:45,asset
FN:50,totalAssets
FN:55,convertToShares
FN:60,convertToAssets
FN:65,maxDeposit
FN:70,maxWithdraw
FN:75,previewDeposit
FN:80,previewWithdraw
FN:85,deposit
FN:107,withdraw
FNF:12
FNH:12
FNDA:6,constructor
FNDA:1,decimals
FNDA:1,asset
FNDA:1,totalAssets
FNDA:14,convertToShares
FNDA:5,convertToAssets
FNDA:1,maxDeposit
FNDA:4,maxWithdraw
FNDA:9,previewDeposit
FNDA:4,previewWithdraw
FNDA:9,deposit
FNDA:4,withdraw
DA:33,6
DA:34,6
DA:41,1
DA:46,1
DA:51,1
DA:56,14
DA:61,5
DA:66,1
DA:71,4
DA:76,9
DA:81,4
DA:91,9
DA:94,8
DA:96,8
DA:98,8
DA:99,8
DA:101,8
DA:103,8
DA:113,4
DA:115,3
DA:117,3
DA:119,3
DA:120,2
DA:123,2
DA:124,2
DA:126,2
DA:128,2
LF:27
LH:27
BRDA:91,1,0,1
BRDA:91,1,1,8
BRDA:115,2,0,0
BRDA:115,2,1,3
BRDA:119,3,0,2
BRDA:119,3,1,1
BRF:6
BRH:5
end_of_record
